<?xml version="1.0" encoding="UTF-8"?>
<testng-results skipped="0" failed="0" ignored="0" total="1" passed="1">
  <reporter-output>
  </reporter-output>
  <suite name="Suite" duration-ms="51667" started-at="2020-09-03T16:23:46 IST" finished-at="2020-09-03T16:24:37 IST">
    <groups>
    </groups>
    <test name="Test" duration-ms="51667" started-at="2020-09-03T16:23:46 IST" finished-at="2020-09-03T16:24:37 IST">
      <class name="com.learn.FlipKartTestCase">
        <test-method status="PASS" signature="testcase(java.lang.String)[pri:0, instance:com.learn.FlipKartTestCase@4a7043a6]" name="testcase" duration-ms="51607" started-at="2020-09-03T16:23:46 IST" finished-at="2020-09-03T16:24:37 IST">
          <params>
            <param index="0">
              <value>
                <![CDATA[https://www.flipkart.com/]]>
              </value>
            </param>
          </params>
          <reporter-output>
          </reporter-output>
        </test-method> <!-- testcase -->
        <test-method status="PASS" signature="close()[pri:0, instance:com.learn.FlipKartTestCase@4a7043a6]" name="close" is-config="true" duration-ms="3" started-at="2020-09-03T16:24:37 IST" finished-at="2020-09-03T16:24:37 IST">
          <reporter-output>
          </reporter-output>
        </test-method> <!-- close -->
      </class> <!-- com.learn.FlipKartTestCase -->
    </test> <!-- Test -->
  </suite> <!-- Suite -->
</testng-results>
